<?xml version="1.0" encoding="UTF-8"?>
<!-- Generated by org.testng.reporters.JUnitReportReporter -->
<testsuite hostname="DESKTOP-63TQH7O" failures="0" tests="2" name="Day3_9042025.DependencyMethod" time="12.994" errors="0" timestamp="2025-04-18T00:58:40 IST" skipped="0">
  <testcase classname="Day3_9042025.DependencyMethod" name="Login" time="2.078"/>
  <testcase classname="Day3_9042025.DependencyMethod" name="Setup" time="10.916"/>
</testsuite> <!-- Day3_9042025.DependencyMethod -->
