<?xml version="1.0" encoding="UTF-8"?>
<!-- Generated by org.testng.reporters.JUnitReportReporter -->
<testsuite hostname="DESKTOP-63TQH7O" failures="0" tests="3" name="Day2_8042025.OrangeHRM_Annotation" time="11.338" errors="0" timestamp="2025-04-17T14:23:51 IST" skipped="0">
  <testcase classname="Day2_8042025.OrangeHRM_Annotation" name="Login" time="1.378"/>
  <testcase classname="Day2_8042025.OrangeHRM_Annotation" name="VerifyHomepage" time="1.724"/>
  <testcase classname="Day2_8042025.OrangeHRM_Annotation" name="logout" time="8.236"/>
</testsuite> <!-- Day2_8042025.OrangeHRM_Annotation -->
