<?xml version="1.0" encoding="UTF-8"?>
<!-- Generated by org.testng.reporters.JUnitReportReporter -->
<testsuite hostname="DESKTOP-63TQH7O" failures="0" tests="2" name="Day1_7042025.AnnotationDemo" time="0.042" errors="0" timestamp="2025-04-17T00:54:40 IST" skipped="0">
  <testcase classname="Day1_7042025.AnnotationDemo" name="test2" time="0.014"/>
  <testcase classname="Day1_7042025.AnnotationDemo" name="test1" time="0.028"/>
</testsuite> <!-- Day1_7042025.AnnotationDemo -->
