<?xml version="1.0" encoding="UTF-8"?>
<!-- Generated by org.testng.reporters.JUnitReportReporter -->
<testsuite hostname="DESKTOP-63TQH7O" failures="0" tests="3" name="Day5_13042025.GroupsDEmo" time="0.098" errors="0" timestamp="2025-05-13T17:33:37 IST" skipped="0">
  <testcase classname="Day5_13042025.GroupsDEmo" name="test3" time="0.015"/>
  <testcase classname="Day5_13042025.GroupsDEmo" name="test1" time="0.057"/>
  <testcase classname="Day5_13042025.GroupsDEmo" name="test2" time="0.026"/>
</testsuite> <!-- Day5_13042025.GroupsDEmo -->
