<?xml version="1.0" encoding="UTF-8"?>
<!-- Generated by org.testng.reporters.JUnitReportReporter -->
<testsuite hostname="DESKTOP-63TQH7O" failures="0" tests="9" name="Day5_14042025.GroupsDemo" time="0.127" errors="0" timestamp="2025-04-20T18:35:42 IST" skipped="0">
  <testcase classname="Day5_14042025.GroupsDemo" name="test7" time="0.008"/>
  <testcase classname="Day5_14042025.GroupsDemo" name="test5" time="0.011"/>
  <testcase classname="Day5_14042025.GroupsDemo" name="test1" time="0.040"/>
  <testcase classname="Day5_14042025.GroupsDemo" name="test8" time="0.012"/>
  <testcase classname="Day5_14042025.GroupsDemo" name="test9" time="0.009"/>
  <testcase classname="Day5_14042025.GroupsDemo" name="test4" time="0.013"/>
  <testcase classname="Day5_14042025.GroupsDemo" name="test6" time="0.015"/>
  <testcase classname="Day5_14042025.GroupsDemo" name="test2" time="0.008"/>
  <testcase classname="Day5_14042025.GroupsDemo" name="test3" time="0.011"/>
</testsuite> <!-- Day5_14042025.GroupsDemo -->
