<?xml version="1.0" encoding="UTF-8"?>
<!-- Generated by org.testng.reporters.JUnitReportReporter -->
<testsuite hostname="DESKTOP-63TQH7O" failures="0" tests="1" name="Day7.Calling_POM_Method" time="25.239" errors="0" timestamp="2025-04-28T00:14:38 IST" skipped="0">
  <testcase classname="Day7.Calling_POM_Method" name="ExecutionMethod" time="25.239"/>
</testsuite> <!-- Day7.Calling_POM_Method -->
