<?xml version="1.0" encoding="UTF-8"?>
<!-- Generated by org.testng.reporters.JUnitReportReporter -->
<testsuite hostname="DESKTOP-63TQH7O" failures="0" tests="1" name="Day8_19042025.DataDrivenDemo" time="74.868" errors="0" timestamp="2025-04-28T23:42:24 IST" skipped="0">
  <testcase classname="Day8_19042025.DataDrivenDemo" name="ExecutionMethod" time="74.868"/>
</testsuite> <!-- Day8_19042025.DataDrivenDemo -->
