<?xml version="1.0" encoding="UTF-8"?>
<!-- Generated by org.testng.reporters.JUnitReportReporter -->
<testsuite hostname="DESKTOP-63TQH7O" failures="0" tests="3" name="Day5_13042025.GroupsDEmo" time="0.046" errors="0" timestamp="2025-04-21T16:25:56 IST" skipped="0">
  <testcase classname="Day5_13042025.GroupsDEmo" name="test2" time="0.006"/>
  <testcase classname="Day5_13042025.GroupsDEmo" name="test1" time="0.034"/>
  <testcase classname="Day5_13042025.GroupsDEmo" name="test3" time="0.006"/>
</testsuite> <!-- Day5_13042025.GroupsDEmo -->
