<?xml version="1.0" encoding="UTF-8"?>
<!-- Generated by org.testng.reporters.JUnitReportReporter -->
<testsuite hostname="DESKTOP-63TQH7O" failures="0" tests="9" name="Day5_14042025.Groups$GroupsDemo" time="0.193" errors="0" timestamp="2025-04-20T18:43:22 IST" skipped="0">
  <testcase classname="Day5_14042025.Groups$GroupsDemo" name="test6" time="0.027"/>
  <testcase classname="Day5_14042025.Groups$GroupsDemo" name="test4" time="0.016"/>
  <testcase classname="Day5_14042025.Groups$GroupsDemo" name="test7" time="0.017"/>
  <testcase classname="Day5_14042025.Groups$GroupsDemo" name="test8" time="0.009"/>
  <testcase classname="Day5_14042025.Groups$GroupsDemo" name="test9" time="0.014"/>
  <testcase classname="Day5_14042025.Groups$GroupsDemo" name="test3" time="0.034"/>
  <testcase classname="Day5_14042025.Groups$GroupsDemo" name="test1" time="0.046"/>
  <testcase classname="Day5_14042025.Groups$GroupsDemo" name="test5" time="0.018"/>
  <testcase classname="Day5_14042025.Groups$GroupsDemo" name="test2" time="0.012"/>
</testsuite> <!-- Day5_14042025.Groups$GroupsDemo -->
