<?xml version="1.0" encoding="UTF-8"?>
<!-- Generated by org.testng.reporters.JUnitReportReporter -->
<testsuite hostname="DESKTOP-63TQH7O" failures="0" tests="1" name="Day3_9042025.parent" time="4.779" errors="0" timestamp="2025-04-18T00:58:40 IST" skipped="0">
  <testcase classname="Day3_9042025.parent" name="Setup" time="4.779"/>
</testsuite> <!-- Day3_9042025.parent -->
